[0.123s] Invoking command in '/home/aiguy/Desktop/plansys2_emergency/build/plansys2_emergency': CMAKE_PREFIX_PATH=${CMAKE_PREFIX_PATH}:/opt/ros/humble /usr/bin/cmake --build /home/aiguy/Desktop/plansys2_emergency/build/plansys2_emergency -- -j8 -l8
[0.399s] [35m[1mConsolidate compiler generated dependencies of target unload_action_node[0m
[0.399s] [35m[1mConsolidate compiler generated dependencies of target load_action_node[0m
[0.399s] [35m[1mConsolidate compiler generated dependencies of target move_action_node[0m
[0.510s] [ 20%] Built target fill_box_action_node
[0.510s] [ 40%] Built target load_action_node
[0.588s] [ 60%] Built target unload_action_node
[0.611s] [ 80%] Built target deliver_action_node
[0.611s] [100%] Built target move_action_node
[0.759s] Invoked command in '/home/aiguy/Desktop/plansys2_emergency/build/plansys2_emergency' returned '0': CMAKE_PREFIX_PATH=${CMAKE_PREFIX_PATH}:/opt/ros/humble /usr/bin/cmake --build /home/aiguy/Desktop/plansys2_emergency/build/plansys2_emergency -- -j8 -l8
[1.400s] Invoking command in '/home/aiguy/Desktop/plansys2_emergency/build/plansys2_emergency': CMAKE_PREFIX_PATH=${CMAKE_PREFIX_PATH}:/opt/ros/humble /usr/bin/cmake --install /home/aiguy/Desktop/plansys2_emergency/build/plansys2_emergency
[1.409s] -- Install configuration: ""
[1.409s] -- Execute custom install script
[1.421s] -- Up-to-date symlink: /home/aiguy/Desktop/plansys2_emergency/install/plansys2_emergency/share/plansys2_emergency/launch/plansys2_emergency_launch.py
[1.422s] -- Up-to-date symlink: /home/aiguy/Desktop/plansys2_emergency/install/plansys2_emergency/share/plansys2_emergency/pddl/domain.pddl
[1.422s] -- Up-to-date symlink: /home/aiguy/Desktop/plansys2_emergency/install/plansys2_emergency/lib/plansys2_emergency/fill_box_action_node
[1.422s] -- Up-to-date symlink: /home/aiguy/Desktop/plansys2_emergency/install/plansys2_emergency/lib/plansys2_emergency/load_action_node
[1.422s] -- Up-to-date symlink: /home/aiguy/Desktop/plansys2_emergency/install/plansys2_emergency/lib/plansys2_emergency/unload_action_node
[1.423s] -- Up-to-date symlink: /home/aiguy/Desktop/plansys2_emergency/install/plansys2_emergency/lib/plansys2_emergency/move_action_node
[1.423s] -- Up-to-date symlink: /home/aiguy/Desktop/plansys2_emergency/install/plansys2_emergency/lib/plansys2_emergency/deliver_action_node
[1.424s] -- Up-to-date symlink: /home/aiguy/Desktop/plansys2_emergency/install/plansys2_emergency/share/ament_index/resource_index/package_run_dependencies/plansys2_emergency
[1.424s] -- Up-to-date symlink: /home/aiguy/Desktop/plansys2_emergency/install/plansys2_emergency/share/ament_index/resource_index/parent_prefix_path/plansys2_emergency
[1.424s] -- Up-to-date symlink: /home/aiguy/Desktop/plansys2_emergency/install/plansys2_emergency/share/plansys2_emergency/environment/ament_prefix_path.sh
[1.424s] -- Up-to-date symlink: /home/aiguy/Desktop/plansys2_emergency/install/plansys2_emergency/share/plansys2_emergency/environment/ament_prefix_path.dsv
[1.425s] -- Up-to-date symlink: /home/aiguy/Desktop/plansys2_emergency/install/plansys2_emergency/share/plansys2_emergency/environment/path.sh
[1.425s] -- Up-to-date symlink: /home/aiguy/Desktop/plansys2_emergency/install/plansys2_emergency/share/plansys2_emergency/environment/path.dsv
[1.425s] -- Up-to-date symlink: /home/aiguy/Desktop/plansys2_emergency/install/plansys2_emergency/share/plansys2_emergency/local_setup.bash
[1.426s] -- Up-to-date symlink: /home/aiguy/Desktop/plansys2_emergency/install/plansys2_emergency/share/plansys2_emergency/local_setup.sh
[1.426s] -- Up-to-date symlink: /home/aiguy/Desktop/plansys2_emergency/install/plansys2_emergency/share/plansys2_emergency/local_setup.zsh
[1.426s] -- Up-to-date symlink: /home/aiguy/Desktop/plansys2_emergency/install/plansys2_emergency/share/plansys2_emergency/local_setup.dsv
[1.426s] -- Symlinking: /home/aiguy/Desktop/plansys2_emergency/install/plansys2_emergency/share/plansys2_emergency/package.dsv
[1.492s] -- Up-to-date symlink: /home/aiguy/Desktop/plansys2_emergency/install/plansys2_emergency/share/ament_index/resource_index/packages/plansys2_emergency
[1.496s] -- Up-to-date symlink: /home/aiguy/Desktop/plansys2_emergency/install/plansys2_emergency/share/plansys2_emergency/cmake/ament_cmake_export_dependencies-extras.cmake
[1.496s] -- Up-to-date symlink: /home/aiguy/Desktop/plansys2_emergency/install/plansys2_emergency/share/plansys2_emergency/cmake/plansys2_emergencyConfig.cmake
[1.496s] -- Up-to-date symlink: /home/aiguy/Desktop/plansys2_emergency/install/plansys2_emergency/share/plansys2_emergency/cmake/plansys2_emergencyConfig-version.cmake
[1.497s] -- Up-to-date symlink: /home/aiguy/Desktop/plansys2_emergency/install/plansys2_emergency/share/plansys2_emergency/package.xml
[1.508s] Invoked command in '/home/aiguy/Desktop/plansys2_emergency/build/plansys2_emergency' returned '0': CMAKE_PREFIX_PATH=${CMAKE_PREFIX_PATH}:/opt/ros/humble /usr/bin/cmake --install /home/aiguy/Desktop/plansys2_emergency/build/plansys2_emergency
