[0.364s] DEBUG:colcon:Command line arguments: ['/usr/bin/colcon', 'build', '--symlink-install']
[0.364s] DEBUG:colcon:Parsed command line arguments: Namespace(log_base=None, log_level=None, verb_name='build', build_base='build', install_base='install', merge_install=False, symlink_install=True, test_result_base=None, continue_on_error=False, executor='parallel', parallel_workers=8, event_handlers=None, ignore_user_meta=False, metas=['./colcon.meta'], base_paths=['.'], packages_ignore=None, packages_ignore_regex=None, paths=None, packages_up_to=None, packages_up_to_regex=None, packages_above=None, packages_above_and_dependencies=None, packages_above_depth=None, packages_select_by_dep=None, packages_skip_by_dep=None, packages_skip_up_to=None, packages_select_build_failed=False, packages_skip_build_finished=False, packages_select_test_failures=False, packages_skip_test_passed=False, packages_select=None, packages_skip=None, packages_select_regex=None, packages_skip_regex=None, packages_start=None, packages_end=None, allow_overriding=[], cmake_args=None, cmake_target=None, cmake_target_skip_unavailable=False, cmake_clean_cache=False, cmake_clean_first=False, cmake_force_configure=False, ament_cmake_args=None, catkin_cmake_args=None, catkin_skip_building_tests=False, verb_parser=<colcon_defaults.argument_parser.defaults.DefaultArgumentsDecorator object at 0x7febdb1cc550>, verb_extension=<colcon_core.verb.build.BuildVerb object at 0x7febdbb74be0>, main=<bound method BuildVerb.main of <colcon_core.verb.build.BuildVerb object at 0x7febdbb74be0>>)
[0.473s] Level 1:colcon.colcon_core.package_discovery:discover_packages(colcon_meta) check parameters
[0.473s] Level 1:colcon.colcon_core.package_discovery:discover_packages(recursive) check parameters
[0.473s] Level 1:colcon.colcon_core.package_discovery:discover_packages(ignore) check parameters
[0.473s] Level 1:colcon.colcon_core.package_discovery:discover_packages(path) check parameters
[0.473s] Level 1:colcon.colcon_core.package_discovery:discover_packages(colcon_meta) discover
[0.473s] Level 1:colcon.colcon_core.package_discovery:discover_packages(recursive) discover
[0.473s] INFO:colcon.colcon_core.package_discovery:Crawling recursively for packages in '/home/aiguy/Desktop/plansys2_emergency'
[0.474s] Level 1:colcon.colcon_core.package_identification:_identify(.) by extensions ['ignore', 'ignore_ament_install']
[0.474s] Level 1:colcon.colcon_core.package_identification:_identify(.) by extension 'ignore'
[0.474s] Level 1:colcon.colcon_core.package_identification:_identify(.) by extension 'ignore_ament_install'
[0.474s] Level 1:colcon.colcon_core.package_identification:_identify(.) by extensions ['colcon_pkg']
[0.474s] Level 1:colcon.colcon_core.package_identification:_identify(.) by extension 'colcon_pkg'
[0.474s] Level 1:colcon.colcon_core.package_identification:_identify(.) by extensions ['colcon_meta']
[0.474s] Level 1:colcon.colcon_core.package_identification:_identify(.) by extension 'colcon_meta'
[0.475s] Level 1:colcon.colcon_core.package_identification:_identify(.) by extensions ['ros']
[0.475s] Level 1:colcon.colcon_core.package_identification:_identify(.) by extension 'ros'
[0.497s] DEBUG:colcon.colcon_core.package_identification:Package '.' with type 'ros.ament_cmake' and name 'plansys2_emergency'
[0.497s] Level 1:colcon.colcon_core.package_discovery:discover_packages(recursive) using defaults
[0.497s] Level 1:colcon.colcon_core.package_discovery:discover_packages(ignore) discover
[0.497s] Level 1:colcon.colcon_core.package_discovery:discover_packages(ignore) using defaults
[0.497s] Level 1:colcon.colcon_core.package_discovery:discover_packages(path) discover
[0.497s] Level 1:colcon.colcon_core.package_discovery:discover_packages(path) using defaults
[0.533s] Level 1:colcon.colcon_core.package_discovery:discover_packages(prefix_path) check parameters
[0.533s] Level 1:colcon.colcon_core.package_discovery:discover_packages(prefix_path) discover
[0.558s] DEBUG:colcon.colcon_installed_package_information.package_discovery:Found 396 installed packages in /opt/ros/humble
[0.560s] Level 1:colcon.colcon_core.package_discovery:discover_packages(prefix_path) using defaults
[0.627s] Level 5:colcon.colcon_core.verb:set package 'plansys2_emergency' build argument 'cmake_args' from command line to 'None'
[0.628s] Level 5:colcon.colcon_core.verb:set package 'plansys2_emergency' build argument 'cmake_target' from command line to 'None'
[0.629s] Level 5:colcon.colcon_core.verb:set package 'plansys2_emergency' build argument 'cmake_target_skip_unavailable' from command line to 'False'
[0.629s] Level 5:colcon.colcon_core.verb:set package 'plansys2_emergency' build argument 'cmake_clean_cache' from command line to 'False'
[0.629s] Level 5:colcon.colcon_core.verb:set package 'plansys2_emergency' build argument 'cmake_clean_first' from command line to 'False'
[0.629s] Level 5:colcon.colcon_core.verb:set package 'plansys2_emergency' build argument 'cmake_force_configure' from command line to 'False'
[0.629s] Level 5:colcon.colcon_core.verb:set package 'plansys2_emergency' build argument 'ament_cmake_args' from command line to 'None'
[0.629s] Level 5:colcon.colcon_core.verb:set package 'plansys2_emergency' build argument 'catkin_cmake_args' from command line to 'None'
[0.629s] Level 5:colcon.colcon_core.verb:set package 'plansys2_emergency' build argument 'catkin_skip_building_tests' from command line to 'False'
[0.629s] DEBUG:colcon.colcon_core.verb:Building package 'plansys2_emergency' with the following arguments: {'ament_cmake_args': None, 'build_base': '/home/aiguy/Desktop/plansys2_emergency/build/plansys2_emergency', 'catkin_cmake_args': None, 'catkin_skip_building_tests': False, 'cmake_args': None, 'cmake_clean_cache': False, 'cmake_clean_first': False, 'cmake_force_configure': False, 'cmake_target': None, 'cmake_target_skip_unavailable': False, 'install_base': '/home/aiguy/Desktop/plansys2_emergency/install/plansys2_emergency', 'merge_install': False, 'path': '/home/aiguy/Desktop/plansys2_emergency', 'symlink_install': True, 'test_result_base': None}
[0.629s] INFO:colcon.colcon_core.executor:Executing jobs using 'parallel' executor
[0.633s] DEBUG:colcon.colcon_parallel_executor.executor.parallel:run_until_complete
[0.633s] INFO:colcon.colcon_ros.task.ament_cmake.build:Building ROS package in '/home/aiguy/Desktop/plansys2_emergency' with build type 'ament_cmake'
[0.633s] INFO:colcon.colcon_cmake.task.cmake.build:Building CMake package in '/home/aiguy/Desktop/plansys2_emergency'
[0.649s] INFO:colcon.colcon_core.plugin_system:Skipping extension 'colcon_core.shell.bat': Not used on non-Windows systems
[0.649s] INFO:colcon.colcon_core.shell:Skip shell extension 'powershell' for command environment: Not usable outside of PowerShell
[0.649s] DEBUG:colcon.colcon_core.shell:Skip shell extension 'dsv' for command environment
[0.758s] DEBUG:colcon.colcon_core.event_handler.log_command:Invoking command in '/home/aiguy/Desktop/plansys2_emergency/build/plansys2_emergency': CMAKE_PREFIX_PATH=/opt/ros/humble /usr/bin/cmake --build /home/aiguy/Desktop/plansys2_emergency/build/plansys2_emergency -- -j8 -l8
[1.679s] DEBUG:colcon.colcon_core.event_handler.log_command:Invoked command in '/home/aiguy/Desktop/plansys2_emergency/build/plansys2_emergency' returned '0': CMAKE_PREFIX_PATH=/opt/ros/humble /usr/bin/cmake --build /home/aiguy/Desktop/plansys2_emergency/build/plansys2_emergency -- -j8 -l8
[1.895s] DEBUG:colcon.colcon_core.event_handler.log_command:Invoking command in '/home/aiguy/Desktop/plansys2_emergency/build/plansys2_emergency': CMAKE_PREFIX_PATH=/opt/ros/humble /usr/bin/cmake --install /home/aiguy/Desktop/plansys2_emergency/build/plansys2_emergency
[2.137s] Level 1:colcon.colcon_core.environment:create_environment_scripts_only(plansys2_emergency)
[2.146s] DEBUG:colcon.colcon_core.event_handler.log_command:Invoked command in '/home/aiguy/Desktop/plansys2_emergency/build/plansys2_emergency' returned '0': CMAKE_PREFIX_PATH=/opt/ros/humble /usr/bin/cmake --install /home/aiguy/Desktop/plansys2_emergency/build/plansys2_emergency
[2.179s] Level 1:colcon.colcon_core.environment:checking '/home/aiguy/Desktop/plansys2_emergency/install/plansys2_emergency' for CMake module files
[2.180s] Level 1:colcon.colcon_core.environment:checking '/home/aiguy/Desktop/plansys2_emergency/install/plansys2_emergency' for CMake config files
[2.181s] Level 1:colcon.colcon_core.shell:create_environment_hook('plansys2_emergency', 'cmake_prefix_path')
[2.182s] INFO:colcon.colcon_core.shell:Creating environment hook '/home/aiguy/Desktop/plansys2_emergency/install/plansys2_emergency/share/plansys2_emergency/hook/cmake_prefix_path.ps1'
[2.184s] INFO:colcon.colcon_core.shell:Creating environment descriptor '/home/aiguy/Desktop/plansys2_emergency/install/plansys2_emergency/share/plansys2_emergency/hook/cmake_prefix_path.dsv'
[2.185s] INFO:colcon.colcon_core.shell:Creating environment hook '/home/aiguy/Desktop/plansys2_emergency/install/plansys2_emergency/share/plansys2_emergency/hook/cmake_prefix_path.sh'
[2.187s] Level 1:colcon.colcon_core.environment:checking '/home/aiguy/Desktop/plansys2_emergency/install/plansys2_emergency/lib'
[2.187s] Level 1:colcon.colcon_core.environment:checking '/home/aiguy/Desktop/plansys2_emergency/install/plansys2_emergency/bin'
[2.188s] Level 1:colcon.colcon_core.environment:checking '/home/aiguy/Desktop/plansys2_emergency/install/plansys2_emergency/lib/pkgconfig/plansys2_emergency.pc'
[2.188s] Level 1:colcon.colcon_core.environment:checking '/home/aiguy/Desktop/plansys2_emergency/install/plansys2_emergency/lib/python3.10/site-packages'
[2.188s] Level 1:colcon.colcon_core.environment:checking '/home/aiguy/Desktop/plansys2_emergency/install/plansys2_emergency/bin'
[2.189s] INFO:colcon.colcon_core.shell:Creating package script '/home/aiguy/Desktop/plansys2_emergency/install/plansys2_emergency/share/plansys2_emergency/package.ps1'
[2.192s] INFO:colcon.colcon_core.shell:Creating package descriptor '/home/aiguy/Desktop/plansys2_emergency/install/plansys2_emergency/share/plansys2_emergency/package.dsv'
[2.194s] INFO:colcon.colcon_core.shell:Creating package script '/home/aiguy/Desktop/plansys2_emergency/install/plansys2_emergency/share/plansys2_emergency/package.sh'
[2.196s] INFO:colcon.colcon_core.shell:Creating package script '/home/aiguy/Desktop/plansys2_emergency/install/plansys2_emergency/share/plansys2_emergency/package.bash'
[2.197s] INFO:colcon.colcon_core.shell:Creating package script '/home/aiguy/Desktop/plansys2_emergency/install/plansys2_emergency/share/plansys2_emergency/package.zsh'
[2.200s] Level 1:colcon.colcon_core.environment:create_file_with_runtime_dependencies(/home/aiguy/Desktop/plansys2_emergency/install/plansys2_emergency/share/colcon-core/packages/plansys2_emergency)
[2.607s] Level 1:colcon.colcon_core.environment:create_environment_scripts_only(plansys2_emergency)
[2.609s] Level 1:colcon.colcon_core.environment:checking '/home/aiguy/Desktop/plansys2_emergency/install/plansys2_emergency' for CMake module files
[2.609s] Level 1:colcon.colcon_core.environment:checking '/home/aiguy/Desktop/plansys2_emergency/install/plansys2_emergency' for CMake config files
[2.610s] Level 1:colcon.colcon_core.shell:create_environment_hook('plansys2_emergency', 'cmake_prefix_path')
[2.611s] INFO:colcon.colcon_core.shell:Creating environment hook '/home/aiguy/Desktop/plansys2_emergency/install/plansys2_emergency/share/plansys2_emergency/hook/cmake_prefix_path.ps1'
[2.611s] INFO:colcon.colcon_core.shell:Creating environment descriptor '/home/aiguy/Desktop/plansys2_emergency/install/plansys2_emergency/share/plansys2_emergency/hook/cmake_prefix_path.dsv'
[2.612s] INFO:colcon.colcon_core.shell:Creating environment hook '/home/aiguy/Desktop/plansys2_emergency/install/plansys2_emergency/share/plansys2_emergency/hook/cmake_prefix_path.sh'
[2.613s] Level 1:colcon.colcon_core.environment:checking '/home/aiguy/Desktop/plansys2_emergency/install/plansys2_emergency/lib'
[2.613s] Level 1:colcon.colcon_core.environment:checking '/home/aiguy/Desktop/plansys2_emergency/install/plansys2_emergency/bin'
[2.613s] Level 1:colcon.colcon_core.environment:checking '/home/aiguy/Desktop/plansys2_emergency/install/plansys2_emergency/lib/pkgconfig/plansys2_emergency.pc'
[2.614s] Level 1:colcon.colcon_core.environment:checking '/home/aiguy/Desktop/plansys2_emergency/install/plansys2_emergency/lib/python3.10/site-packages'
[2.614s] Level 1:colcon.colcon_core.environment:checking '/home/aiguy/Desktop/plansys2_emergency/install/plansys2_emergency/bin'
[2.615s] INFO:colcon.colcon_core.shell:Creating package script '/home/aiguy/Desktop/plansys2_emergency/install/plansys2_emergency/share/plansys2_emergency/package.ps1'
[2.615s] INFO:colcon.colcon_core.shell:Creating package descriptor '/home/aiguy/Desktop/plansys2_emergency/install/plansys2_emergency/share/plansys2_emergency/package.dsv'
[2.617s] INFO:colcon.colcon_core.shell:Creating package script '/home/aiguy/Desktop/plansys2_emergency/install/plansys2_emergency/share/plansys2_emergency/package.sh'
[2.618s] INFO:colcon.colcon_core.shell:Creating package script '/home/aiguy/Desktop/plansys2_emergency/install/plansys2_emergency/share/plansys2_emergency/package.bash'
[2.619s] INFO:colcon.colcon_core.shell:Creating package script '/home/aiguy/Desktop/plansys2_emergency/install/plansys2_emergency/share/plansys2_emergency/package.zsh'
[2.620s] Level 1:colcon.colcon_core.environment:create_file_with_runtime_dependencies(/home/aiguy/Desktop/plansys2_emergency/install/plansys2_emergency/share/colcon-core/packages/plansys2_emergency)
[2.621s] DEBUG:colcon.colcon_parallel_executor.executor.parallel:closing loop
[2.621s] DEBUG:colcon.colcon_parallel_executor.executor.parallel:loop closed
[2.622s] DEBUG:colcon.colcon_parallel_executor.executor.parallel:run_until_complete finished with '0'
[2.623s] DEBUG:colcon.colcon_core.event_reactor:joining thread
[2.734s] INFO:colcon.colcon_core.plugin_system:Skipping extension 'colcon_notification.desktop_notification.terminal_notifier': Not used on non-Darwin systems
[2.735s] INFO:colcon.colcon_core.plugin_system:Skipping extension 'colcon_notification.desktop_notification.win32': Not used on non-Windows systems
[2.735s] INFO:colcon.colcon_notification.desktop_notification:Sending desktop notification using 'notify2'
[3.061s] DEBUG:colcon.colcon_core.event_reactor:joined thread
[3.062s] INFO:colcon.colcon_core.shell:Creating prefix script '/home/aiguy/Desktop/plansys2_emergency/install/local_setup.ps1'
[3.066s] INFO:colcon.colcon_core.shell:Creating prefix util module '/home/aiguy/Desktop/plansys2_emergency/install/_local_setup_util_ps1.py'
[3.069s] INFO:colcon.colcon_core.shell:Creating prefix chain script '/home/aiguy/Desktop/plansys2_emergency/install/setup.ps1'
[3.074s] INFO:colcon.colcon_core.shell:Creating prefix script '/home/aiguy/Desktop/plansys2_emergency/install/local_setup.sh'
[3.087s] INFO:colcon.colcon_core.shell:Creating prefix util module '/home/aiguy/Desktop/plansys2_emergency/install/_local_setup_util_sh.py'
[3.091s] INFO:colcon.colcon_core.shell:Creating prefix chain script '/home/aiguy/Desktop/plansys2_emergency/install/setup.sh'
[3.114s] INFO:colcon.colcon_core.shell:Creating prefix script '/home/aiguy/Desktop/plansys2_emergency/install/local_setup.bash'
[3.123s] INFO:colcon.colcon_core.shell:Creating prefix chain script '/home/aiguy/Desktop/plansys2_emergency/install/setup.bash'
[3.126s] INFO:colcon.colcon_core.shell:Creating prefix script '/home/aiguy/Desktop/plansys2_emergency/install/local_setup.zsh'
[3.130s] INFO:colcon.colcon_core.shell:Creating prefix chain script '/home/aiguy/Desktop/plansys2_emergency/install/setup.zsh'
