[0.124s] Invoking command in '/home/aiguy/Desktop/plansys2_emergency/build/plansys2_emergency': CMAKE_PREFIX_PATH=/opt/ros/humble /usr/bin/cmake --build /home/aiguy/Desktop/plansys2_emergency/build/plansys2_emergency -- -j8 -l8
[1.025s] [ 20%] Built target unload_action_node
[1.028s] [ 40%] Built target deliver_action_node
[1.029s] [ 80%] Built target load_action_node
[1.030s] [ 90%] Built target fill_box_action_node
[1.030s] [100%] Built target move_action_node
[1.044s] Invoked command in '/home/aiguy/Desktop/plansys2_emergency/build/plansys2_emergency' returned '0': CMAKE_PREFIX_PATH=/opt/ros/humble /usr/bin/cmake --build /home/aiguy/Desktop/plansys2_emergency/build/plansys2_emergency -- -j8 -l8
[1.261s] Invoking command in '/home/aiguy/Desktop/plansys2_emergency/build/plansys2_emergency': CMAKE_PREFIX_PATH=/opt/ros/humble /usr/bin/cmake --install /home/aiguy/Desktop/plansys2_emergency/build/plansys2_emergency
[1.268s] -- Install configuration: ""
[1.273s] -- Execute custom install script
[1.280s] -- Up-to-date symlink: /home/aiguy/Desktop/plansys2_emergency/install/plansys2_emergency/share/plansys2_emergency/launch/plansys2_emergency_launch.py
[1.282s] -- Up-to-date symlink: /home/aiguy/Desktop/plansys2_emergency/install/plansys2_emergency/share/plansys2_emergency/pddl/domain.pddl
[1.286s] -- Up-to-date symlink: /home/aiguy/Desktop/plansys2_emergency/install/plansys2_emergency/lib/plansys2_emergency/fill_box_action_node
[1.288s] -- Up-to-date symlink: /home/aiguy/Desktop/plansys2_emergency/install/plansys2_emergency/lib/plansys2_emergency/load_action_node
[1.289s] -- Up-to-date symlink: /home/aiguy/Desktop/plansys2_emergency/install/plansys2_emergency/lib/plansys2_emergency/unload_action_node
[1.290s] -- Up-to-date symlink: /home/aiguy/Desktop/plansys2_emergency/install/plansys2_emergency/lib/plansys2_emergency/move_action_node
[1.292s] -- Up-to-date symlink: /home/aiguy/Desktop/plansys2_emergency/install/plansys2_emergency/lib/plansys2_emergency/deliver_action_node
[1.296s] -- Up-to-date symlink: /home/aiguy/Desktop/plansys2_emergency/install/plansys2_emergency/share/ament_index/resource_index/package_run_dependencies/plansys2_emergency
[1.307s] -- Up-to-date symlink: /home/aiguy/Desktop/plansys2_emergency/install/plansys2_emergency/share/ament_index/resource_index/parent_prefix_path/plansys2_emergency
[1.328s] -- Up-to-date symlink: /home/aiguy/Desktop/plansys2_emergency/install/plansys2_emergency/share/plansys2_emergency/environment/ament_prefix_path.sh
[1.328s] -- Up-to-date symlink: /home/aiguy/Desktop/plansys2_emergency/install/plansys2_emergency/share/plansys2_emergency/environment/ament_prefix_path.dsv
[1.344s] -- Up-to-date symlink: /home/aiguy/Desktop/plansys2_emergency/install/plansys2_emergency/share/plansys2_emergency/environment/path.sh
[1.344s] -- Up-to-date symlink: /home/aiguy/Desktop/plansys2_emergency/install/plansys2_emergency/share/plansys2_emergency/environment/path.dsv
[1.357s] -- Up-to-date symlink: /home/aiguy/Desktop/plansys2_emergency/install/plansys2_emergency/share/plansys2_emergency/local_setup.bash
[1.364s] -- Up-to-date symlink: /home/aiguy/Desktop/plansys2_emergency/install/plansys2_emergency/share/plansys2_emergency/local_setup.sh
[1.365s] -- Up-to-date symlink: /home/aiguy/Desktop/plansys2_emergency/install/plansys2_emergency/share/plansys2_emergency/local_setup.zsh
[1.365s] -- Up-to-date symlink: /home/aiguy/Desktop/plansys2_emergency/install/plansys2_emergency/share/plansys2_emergency/local_setup.dsv
[1.366s] -- Symlinking: /home/aiguy/Desktop/plansys2_emergency/install/plansys2_emergency/share/plansys2_emergency/package.dsv
[1.420s] -- Up-to-date symlink: /home/aiguy/Desktop/plansys2_emergency/install/plansys2_emergency/share/ament_index/resource_index/packages/plansys2_emergency
[1.445s] -- Up-to-date symlink: /home/aiguy/Desktop/plansys2_emergency/install/plansys2_emergency/share/plansys2_emergency/cmake/ament_cmake_export_dependencies-extras.cmake
[1.453s] -- Up-to-date symlink: /home/aiguy/Desktop/plansys2_emergency/install/plansys2_emergency/share/plansys2_emergency/cmake/plansys2_emergencyConfig.cmake
[1.464s] -- Up-to-date symlink: /home/aiguy/Desktop/plansys2_emergency/install/plansys2_emergency/share/plansys2_emergency/cmake/plansys2_emergencyConfig-version.cmake
[1.464s] -- Up-to-date symlink: /home/aiguy/Desktop/plansys2_emergency/install/plansys2_emergency/share/plansys2_emergency/package.xml
[1.511s] Invoked command in '/home/aiguy/Desktop/plansys2_emergency/build/plansys2_emergency' returned '0': CMAKE_PREFIX_PATH=/opt/ros/humble /usr/bin/cmake --install /home/aiguy/Desktop/plansys2_emergency/build/plansys2_emergency
