[0.055s] Invoking command in '/home/aiguy/Desktop/plansys2_emergency/build/plansys2_emergency': CMAKE_PREFIX_PATH=${CMAKE_PREFIX_PATH}:/opt/ros/humble /usr/bin/cmake /home/aiguy/Desktop/plansys2_emergency -DAMENT_CMAKE_SYMLINK_INSTALL=1 -DCMAKE_INSTALL_PREFIX=/home/aiguy/Desktop/plansys2_emergency/install/plansys2_emergency
[0.354s] -- The C compiler identification is GNU 11.3.0
[0.504s] -- The CXX compiler identification is GNU 11.3.0
[0.517s] -- Detecting C compiler ABI info
[0.696s] -- Detecting C compiler ABI info - done
[0.708s] -- Check for working C compiler: /usr/bin/cc - skipped
[0.713s] -- Detecting C compile features
[0.714s] -- Detecting C compile features - done
[0.721s] -- Detecting CXX compiler ABI info
[0.939s] -- Detecting CXX compiler ABI info - done
[0.950s] -- Check for working CXX compiler: /usr/bin/c++ - skipped
[0.952s] -- Detecting CXX compile features
[0.952s] -- Detecting CXX compile features - done
[0.964s] -- Found ament_cmake: 1.3.4 (/opt/ros/humble/share/ament_cmake/cmake)
[1.282s] -- Found Python3: /usr/bin/python3.10 (found version "3.10.6") found components: Interpreter 
[1.398s] -- Override CMake install command with custom implementation using symlinks instead of copying resources
[1.462s] -- Found rclcpp: 16.0.4 (/opt/ros/humble/share/rclcpp/cmake)
[1.568s] -- Found rosidl_generator_c: 3.1.4 (/opt/ros/humble/share/rosidl_generator_c/cmake)
[1.574s] -- Found rosidl_adapter: 3.1.4 (/opt/ros/humble/share/rosidl_adapter/cmake)
[1.590s] -- Found rosidl_generator_cpp: 3.1.4 (/opt/ros/humble/share/rosidl_generator_cpp/cmake)
[1.629s] -- Using all available rosidl_typesupport_c: rosidl_typesupport_fastrtps_c;rosidl_typesupport_introspection_c
[1.662s] -- Using all available rosidl_typesupport_cpp: rosidl_typesupport_fastrtps_cpp;rosidl_typesupport_introspection_cpp
[1.784s] -- Found rmw_implementation_cmake: 6.1.1 (/opt/ros/humble/share/rmw_implementation_cmake/cmake)
[1.786s] -- Found rmw_fastrtps_cpp: 6.2.2 (/opt/ros/humble/share/rmw_fastrtps_cpp/cmake)
[2.064s] -- Found OpenSSL: /usr/lib/x86_64-linux-gnu/libcrypto.so (found version "3.0.2")  
[2.104s] -- Found FastRTPS: /opt/ros/humble/include  
[2.167s] -- Using RMW implementation 'rmw_fastrtps_cpp' as default
[2.181s] -- Looking for pthread.h
[2.491s] -- Looking for pthread.h - found
[2.492s] -- Performing Test CMAKE_HAVE_LIBC_PTHREAD
[2.653s] -- Performing Test CMAKE_HAVE_LIBC_PTHREAD - Success
[2.656s] -- Found Threads: TRUE  
[2.925s] -- Found rclcpp_action: 16.0.4 (/opt/ros/humble/share/rclcpp_action/cmake)
[3.078s] -- Found plansys2_msgs: 2.0.9 (/opt/ros/humble/share/plansys2_msgs/cmake)
[3.225s] -- Found plansys2_executor: 2.0.9 (/opt/ros/humble/share/plansys2_executor/cmake)
[10.019s] -- Found ament_lint_auto: 0.12.6 (/opt/ros/humble/share/ament_lint_auto/cmake)
[10.339s] -- Added test 'copyright' to check source files copyright and LICENSE
[10.344s] -- Added test 'cppcheck' to perform static code analysis on C / C++ code
[10.345s] -- Configured cppcheck include dirs: 
[10.345s] -- Configured cppcheck exclude dirs and/or files: 
[10.350s] -- Added test 'cpplint' to check C / C++ code against the Google style
[10.350s] -- Configured cpplint exclude dirs and/or files: 
[10.352s] -- Added test 'flake8' to check Python code syntax and style conventions
[10.353s] -- Added test 'lint_cmake' to check CMake code style
[10.355s] -- Added test 'pep257' to check Python code against some of the docstring style conventions in PEP 257
[10.358s] -- Added test 'uncrustify' to check C / C++ code style
[10.358s] -- Configured uncrustify additional arguments: 
[10.360s] -- Added test 'xmllint' to check XML markup files
[10.365s] -- Configuring done
[10.488s] -- Generating done
[10.529s] -- Build files have been written to: /home/aiguy/Desktop/plansys2_emergency/build/plansys2_emergency
[10.590s] Invoked command in '/home/aiguy/Desktop/plansys2_emergency/build/plansys2_emergency' returned '0': CMAKE_PREFIX_PATH=${CMAKE_PREFIX_PATH}:/opt/ros/humble /usr/bin/cmake /home/aiguy/Desktop/plansys2_emergency -DAMENT_CMAKE_SYMLINK_INSTALL=1 -DCMAKE_INSTALL_PREFIX=/home/aiguy/Desktop/plansys2_emergency/install/plansys2_emergency
[10.593s] Invoking command in '/home/aiguy/Desktop/plansys2_emergency/build/plansys2_emergency': CMAKE_PREFIX_PATH=${CMAKE_PREFIX_PATH}:/opt/ros/humble /usr/bin/cmake --build /home/aiguy/Desktop/plansys2_emergency/build/plansys2_emergency -- -j8 -l8
[10.946s] [ 10%] [32mBuilding CXX object CMakeFiles/load_action_node.dir/src/load_action_node.cpp.o[0m
[11.090s] [ 20%] [32mBuilding CXX object CMakeFiles/fill_box_action_node.dir/src/fill_box_action_node.cpp.o[0m
[11.138s] [ 30%] [32mBuilding CXX object CMakeFiles/move_action_node.dir/src/move_action_node.cpp.o[0m
[11.138s] [ 40%] [32mBuilding CXX object CMakeFiles/deliver_action_node.dir/src/deliver_action_node.cpp.o[0m
[11.230s] [ 50%] [32mBuilding CXX object CMakeFiles/unload_action_node.dir/src/unload_action_node.cpp.o[0m
[21.987s] [ 60%] [32m[1mLinking CXX executable move_action_node[0m
[22.180s] [ 70%] [32m[1mLinking CXX executable unload_action_node[0m
[22.354s] [ 80%] [32m[1mLinking CXX executable fill_box_action_node[0m
[22.435s] [ 90%] [32m[1mLinking CXX executable deliver_action_node[0m
[22.449s] [ 90%] Built target move_action_node
[22.576s] [ 90%] Built target unload_action_node
[22.732s] [ 90%] Built target fill_box_action_node
[22.813s] [ 90%] Built target deliver_action_node
[22.820s] [100%] [32m[1mLinking CXX executable load_action_node[0m
[23.367s] [100%] Built target load_action_node
[23.393s] Invoked command in '/home/aiguy/Desktop/plansys2_emergency/build/plansys2_emergency' returned '0': CMAKE_PREFIX_PATH=${CMAKE_PREFIX_PATH}:/opt/ros/humble /usr/bin/cmake --build /home/aiguy/Desktop/plansys2_emergency/build/plansys2_emergency -- -j8 -l8
[23.659s] Invoking command in '/home/aiguy/Desktop/plansys2_emergency/build/plansys2_emergency': CMAKE_PREFIX_PATH=${CMAKE_PREFIX_PATH}:/opt/ros/humble /usr/bin/cmake --install /home/aiguy/Desktop/plansys2_emergency/build/plansys2_emergency
[23.677s] -- Install configuration: ""
[23.678s] -- Execute custom install script
[23.680s] -- Symlinking: /home/aiguy/Desktop/plansys2_emergency/install/plansys2_emergency/share/plansys2_emergency/launch/plansys2_emergency_launch.py
[23.713s] -- Symlinking: /home/aiguy/Desktop/plansys2_emergency/install/plansys2_emergency/share/plansys2_emergency/pddl/domain.pddl
[23.769s] -- Symlinking: /home/aiguy/Desktop/plansys2_emergency/install/plansys2_emergency/lib/plansys2_emergency/fill_box_action_node
[23.809s] -- Symlinking: /home/aiguy/Desktop/plansys2_emergency/install/plansys2_emergency/lib/plansys2_emergency/load_action_node
[23.831s] -- Symlinking: /home/aiguy/Desktop/plansys2_emergency/install/plansys2_emergency/lib/plansys2_emergency/unload_action_node
[23.855s] -- Symlinking: /home/aiguy/Desktop/plansys2_emergency/install/plansys2_emergency/lib/plansys2_emergency/move_action_node
[23.941s] -- Symlinking: /home/aiguy/Desktop/plansys2_emergency/install/plansys2_emergency/lib/plansys2_emergency/deliver_action_node
[23.992s] -- Symlinking: /home/aiguy/Desktop/plansys2_emergency/install/plansys2_emergency/share/ament_index/resource_index/package_run_dependencies/plansys2_emergency
[24.018s] -- Symlinking: /home/aiguy/Desktop/plansys2_emergency/install/plansys2_emergency/share/ament_index/resource_index/parent_prefix_path/plansys2_emergency
[24.049s] -- Symlinking: /home/aiguy/Desktop/plansys2_emergency/install/plansys2_emergency/share/plansys2_emergency/environment/ament_prefix_path.sh
[24.070s] -- Symlinking: /home/aiguy/Desktop/plansys2_emergency/install/plansys2_emergency/share/plansys2_emergency/environment/ament_prefix_path.dsv
[24.089s] -- Symlinking: /home/aiguy/Desktop/plansys2_emergency/install/plansys2_emergency/share/plansys2_emergency/environment/path.sh
[24.121s] -- Symlinking: /home/aiguy/Desktop/plansys2_emergency/install/plansys2_emergency/share/plansys2_emergency/environment/path.dsv
[24.142s] -- Symlinking: /home/aiguy/Desktop/plansys2_emergency/install/plansys2_emergency/share/plansys2_emergency/local_setup.bash
[24.185s] -- Symlinking: /home/aiguy/Desktop/plansys2_emergency/install/plansys2_emergency/share/plansys2_emergency/local_setup.sh
[24.211s] -- Symlinking: /home/aiguy/Desktop/plansys2_emergency/install/plansys2_emergency/share/plansys2_emergency/local_setup.zsh
[24.239s] -- Symlinking: /home/aiguy/Desktop/plansys2_emergency/install/plansys2_emergency/share/plansys2_emergency/local_setup.dsv
[24.251s] -- Symlinking: /home/aiguy/Desktop/plansys2_emergency/install/plansys2_emergency/share/plansys2_emergency/package.dsv
[24.268s] -- Symlinking: /home/aiguy/Desktop/plansys2_emergency/install/plansys2_emergency/share/ament_index/resource_index/packages/plansys2_emergency
[24.295s] -- Symlinking: /home/aiguy/Desktop/plansys2_emergency/install/plansys2_emergency/share/plansys2_emergency/cmake/ament_cmake_export_dependencies-extras.cmake
[24.312s] -- Symlinking: /home/aiguy/Desktop/plansys2_emergency/install/plansys2_emergency/share/plansys2_emergency/cmake/plansys2_emergencyConfig.cmake
[24.341s] -- Symlinking: /home/aiguy/Desktop/plansys2_emergency/install/plansys2_emergency/share/plansys2_emergency/cmake/plansys2_emergencyConfig-version.cmake
[24.369s] -- Symlinking: /home/aiguy/Desktop/plansys2_emergency/install/plansys2_emergency/share/plansys2_emergency/package.xml
[24.388s] Invoked command in '/home/aiguy/Desktop/plansys2_emergency/build/plansys2_emergency' returned '0': CMAKE_PREFIX_PATH=${CMAKE_PREFIX_PATH}:/opt/ros/humble /usr/bin/cmake --install /home/aiguy/Desktop/plansys2_emergency/build/plansys2_emergency
